SIMLOG:: Cycle           4 PC: 00000000 I: 0000c001 R: 0   0 00000000 M: 0 0 00000000 00000000
SIMLOG:: Cycle           5 PC: 00000002 I: 0000a821 R: 0   0 00000000 M: 0 0 0000xxxx 00000000
SIMLOG:: Cycle           6 PC: 00000004 I: 0000a983 R: 0   0 0000xxxx M: 0 0 0000xxxx 00000000
SIMLOG:: Cycle           7 PC: 00000004 I: 0000a983 R: 0   0 0000xxxx M: 0 0 00000001 00000000
SIMLOG:: Cycle           8 PC: 00000004 I: 0000a983 R: 1   0 00000001 M: 0 0 0000xxxx 00000000
SIMLOG:: Cycle           9 PC: 00000004 I: 0000a983 R: 0   0 0000xxxx M: 0 0 0000xxxx 00000000
SIMLOG:: Cycle          10 PC: 00000006 I: 0000d431 R: 0   0 0000xxxx M: 0 0 0000xxxx 00000000
SIMLOG:: Cycle          11 PC: 00000006 I: 0000d431 R: 0   0 0000xxxx M: 0 0 00000002 00000000
SIMLOG:: Cycle          12 PC: 00000006 I: 0000d431 R: 1   1 00000002 M: 0 0 0000xxxx 00000000
SIMLOG:: Cycle          13 PC: 00000006 I: 0000d431 R: 0   0 0000xxxx M: 0 0 0000xxxx 00000000
SIMLOG:: Cycle          14 PC: 00000008 I: 0000dc34 R: 0   0 0000xxxx M: 0 0 0000xxxx 00000000
SIMLOG:: Cycle          15 PC: 00000008 I: 0000dc34 R: 0   0 0000xxxx M: 0 0 00000010 00000000
SIMLOG:: Cycle          16 PC: 00000008 I: 0000dc34 R: 1   4 00000010 M: 0 0 0000xxxx 00000002
SIMLOG:: Cycle          17 PC: 00000008 I: 0000dc34 R: 0   0 0000xxxx M: 0 0 0000xxxx 00000002
SIMLOG:: Cycle          18 PC: 0000000a I: 0000d5b9 R: 0   0 0000xxxx M: 0 0 0000xxxx 00000002
SIMLOG:: Cycle          19 PC: 0000000a I: 0000d5b9 R: 0   0 0000xxxx M: 0 0 00000040 00000002
SIMLOG:: Cycle          20 PC: 0000000a I: 0000d5b9 R: 1   4 00000040 M: 0 0 0000xxxx 00000002
SIMLOG:: Cycle          21 PC: 0000000a I: 0000d5b9 R: 0   0 0000xxxx M: 0 0 0000xxxx 00000002
SIMLOG:: Cycle          22 PC: 0000000c I: 0000debc R: 0   0 0000xxxx M: 0 0 0000xxxx 00000002
SIMLOG:: Cycle          23 PC: 0000000c I: 0000debc R: 0   0 0000xxxx M: 0 0 00000042 00000002
SIMLOG:: Cycle          24 PC: 0000000c I: 0000debc R: 1   5 00000042 M: 0 0 0000xxxx 00000000
SIMLOG:: Cycle          25 PC: 0000000c I: 0000debc R: 0   0 0000xxxx M: 0 0 0000xxxx 00000000
SIMLOG:: Cycle          26 PC: 0000000e I: 0000af04 R: 0   0 0000xxxx M: 0 0 0000xxxx 00000000
SIMLOG:: Cycle          27 PC: 0000000e I: 0000af04 R: 0   0 0000xxxx M: 0 0 00000108 00000042
SIMLOG:: Cycle          28 PC: 0000000e I: 0000af04 R: 1   6 00000108 M: 0 0 0000xxxx 00000042
SIMLOG:: Cycle          29 PC: 0000000e I: 0000af04 R: 0   0 0000xxxx M: 0 0 0000xxxx 00000042
SIMLOG:: Cycle          30 PC: 00000010 I: 0000a828 R: 0   0 0000xxxx M: 0 0 0000xxxx 00000042
SIMLOG:: Cycle          31 PC: 00000010 I: 0000a828 R: 0   0 0000xxxx M: 0 0 0000014a 00000042
SIMLOG:: Cycle          32 PC: 00000010 I: 0000a828 R: 1   7 0000014a M: 0 0 0000xxxx 00000001
SIMLOG:: Cycle          33 PC: 00000010 I: 0000a828 R: 0   0 0000xxxx M: 0 0 0000xxxx 00000001
SIMLOG:: Cycle          34 PC: 00000012 I: 0000d7e9 R: 0   0 0000xxxx M: 0 0 0000xxxx 00000001
SIMLOG:: Cycle          35 PC: 00000012 I: 0000d7e9 R: 0   0 0000xxxx M: 0 0 000014a0 00000001
SIMLOG:: Cycle          36 PC: 00000012 I: 0000d7e9 R: 1   0 000014a0 M: 0 0 0000xxxx 00000002
SIMLOG:: Cycle          37 PC: 00000012 I: 0000d7e9 R: 0   0 0000xxxx M: 0 0 0000xxxx 00000002
SIMLOG:: Cycle          38 PC: 00000014 I: 0000d95c R: 0   0 0000xxxx M: 0 0 0000xxxx 00000002
SIMLOG:: Cycle          39 PC: 00000016 I: 0000c002 R: 0   0 0000xxxx M: 0 0 0000a000 00000002
SIMLOG:: Cycle          40 PC: 00000016 I: 0000c002 R: 1   1 0000a000 M: 0 0 00002800 0000014a
SIMLOG:: Cycle          41 PC: 00000016 I: 0000c002 R: 1   2 00002800 M: 0 0 0000xxxx 00000000
SIMLOG:: Cycle          42 PC: 00000016 I: 0000c002 R: 0   0 0000xxxx M: 0 0 0000xxxx 00000000
SIMLOG:: Cycle          43 PC: 00000018 I: 0000a021 R: 0   0 0000xxxx M: 0 0 0000xxxx 00000000
SIMLOG:: Cycle          44 PC: 0000001a I: 0000a143 R: 0   0 0000xxxx M: 0 0 0000c800 00002800
SIMLOG:: Cycle          45 PC: 0000001a I: 0000a143 R: 1   7 0000c800 M: 0 0 00000002 000014a0
SIMLOG:: Cycle          46 PC: 0000001a I: 0000a143 R: 1   0 00000002 M: 0 0 0000xxxx 0000a000
SIMLOG:: Cycle          47 PC: 0000001a I: 0000a143 R: 0   0 0000xxxx M: 0 0 0000xxxx 0000a000
SIMLOG:: Cycle          48 PC: 0000001c I: 0000d20c R: 0   0 0000xxxx M: 0 0 0000xxxx 0000a000
SIMLOG:: Cycle          49 PC: 0000001c I: 0000d20c R: 0   0 0000xxxx M: 0 0 00000004 0000a000
SIMLOG:: Cycle          50 PC: 0000001c I: 0000d20c R: 1   1 00000004 M: 0 0 0000xxxx 00002800
SIMLOG:: Cycle          51 PC: 0000001c I: 0000d20c R: 0   0 0000xxxx M: 0 0 0000xxxx 00002800
SIMLOG:: Cycle          52 PC: 0000001e I: 0000db30 R: 0   0 0000xxxx M: 0 0 0000xxxx 00002800
SIMLOG:: Cycle          53 PC: 0000001e I: 0000db30 R: 0   0 0000xxxx M: 0 0 00000020 00002800
SIMLOG:: Cycle          54 PC: 0000001e I: 0000db30 R: 1   2 00000020 M: 0 0 0000xxxx 00000002
SIMLOG:: Cycle          55 PC: 0000001e I: 0000db30 R: 0   0 0000xxxx M: 0 0 0000xxxx 00000002
SIMLOG:: Cycle          56 PC: 00000020 I: 0000d494 R: 0   0 0000xxxx M: 0 0 0000xxxx 00000002
SIMLOG:: Cycle          57 PC: 00000020 I: 0000d494 R: 0   0 0000xxxx M: 0 0 00000080 00000002
SIMLOG:: Cycle          58 PC: 00000020 I: 0000d494 R: 1   3 00000080 M: 0 0 0000xxxx 00000004
SIMLOG:: Cycle          59 PC: 00000020 I: 0000d494 R: 0   0 0000xxxx M: 0 0 0000xxxx 00000004
SIMLOG:: Cycle          60 PC: 00000022 I: 0000dd98 R: 0   0 0000xxxx M: 0 0 0000xxxx 00000004
SIMLOG:: Cycle          61 PC: 00000022 I: 0000dd98 R: 0   0 0000xxxx M: 0 0 00000084 00000004
SIMLOG:: Cycle          62 PC: 00000022 I: 0000dd98 R: 1   4 00000084 M: 0 0 0000xxxx 00000040
SIMLOG:: Cycle          63 PC: 00000022 I: 0000dd98 R: 0   0 0000xxxx M: 0 0 0000xxxx 00000040
SIMLOG:: Cycle          64 PC: 00000024 I: 0000a607 R: 0   0 0000xxxx M: 0 0 0000xxxx 00000040
SIMLOG:: Cycle          65 PC: 00000024 I: 0000a607 R: 0   0 0000xxxx M: 0 0 00000840 00000084
SIMLOG:: Cycle          66 PC: 00000024 I: 0000a607 R: 1   5 00000840 M: 0 0 0000xxxx 00000084
SIMLOG:: Cycle          67 PC: 00000024 I: 0000a607 R: 0   0 0000xxxx M: 0 0 0000xxxx 00000084
SIMLOG:: Cycle          68 PC: 00000026 I: 0000a028 R: 0   0 0000xxxx M: 0 0 0000xxxx 00000084
SIMLOG:: Cycle          69 PC: 00000026 I: 0000a028 R: 0   0 0000xxxx M: 0 0 000008c4 00000084
SIMLOG:: Cycle          70 PC: 00000026 I: 0000a028 R: 1   6 000008c4 M: 0 0 0000xxxx 00000002
SIMLOG:: Cycle          71 PC: 00000026 I: 0000a028 R: 0   0 0000xxxx M: 0 0 0000xxxx 00000002
SIMLOG:: Cycle          72 PC: 00000028 I: 0000a64d R: 0   0 0000xxxx M: 0 0 0000xxxx 00000002
SIMLOG:: Cycle          73 PC: 00000028 I: 0000a64d R: 0   0 0000xxxx M: 0 0 00006204 00000002
SIMLOG:: Cycle          74 PC: 00000028 I: 0000a64d R: 1   0 00006204 M: 0 0 0000xxxx 00000004
SIMLOG:: Cycle          75 PC: 00000028 I: 0000a64d R: 0   0 0000xxxx M: 0 0 0000xxxx 00000004
SIMLOG:: Cycle          76 PC: 0000002a I: 0000d944 R: 0   0 0000xxxx M: 0 0 0000xxxx 00000004
SIMLOG:: Cycle          77 PC: 0000002c I: 0000df3c R: 0   0 0000xxxx M: 0 0 00000462 00000004
SIMLOG:: Cycle          78 PC: 0000002c I: 0000df3c R: 1   1 00000462 M: 0 0 00008118 00000020
SIMLOG:: Cycle          79 PC: 0000002c I: 0000df3c R: 1   2 00008118 M: 0 0 0000xxxx 00000020
SIMLOG:: Cycle          80 PC: 0000002c I: 0000df3c R: 0   0 0000xxxx M: 0 0 0000xxxx 00000020
SIMLOG:: Cycle          81 PC: 0000002e I: 0000c040 R: 0   0 0000xxxx M: 0 0 0000xxxx 00000020
SIMLOG:: Cycle          82 PC: 0000002e I: 0000c040 R: 0   0 0000xxxx M: 0 0 0000857a 00008118
SIMLOG:: Cycle          83 PC: 0000002e I: 0000c040 R: 1   1 0000857a M: 0 0 0000xxxx 00000462
SIMLOG:: Cycle          84 PC: 0000002e I: 0000c040 R: 0   0 0000xxxx M: 0 0 0000xxxx 00000462
SIMLOG:: Cycle          85 PC: 00000030 I: 00009050 R: 0   0 0000xxxx M: 0 0 0000xxxx 00000462
SIMLOG:: Cycle          86 PC: 00000032 I: 0000b021 R: 0   0 0000xxxx M: 0 0 00004d7a 0000857a
SIMLOG:: Cycle          87 PC: 00000032 I: 0000b021 R: 1   7 00004d7a M: 0 0 00000040 00008118
SIMLOG:: Cycle          88 PC: 00000032 I: 0000b021 R: 1   0 00000040 M: 0 0 0000xxxx 00008118
SIMLOG:: Cycle          89 PC: 00000032 I: 0000b021 R: 0   0 0000xxxx M: 0 0 0000xxxx 00008118
SIMLOG:: Cycle          90 PC: 00000034 I: 0000b145 R: 0   0 0000xxxx M: 0 0 0000xxxx 00008118
SIMLOG:: Cycle          91 PC: 00000034 I: 0000b145 R: 0   0 0000xxxx M: 0 0 00004050 00008118
SIMLOG:: Cycle          92 PC: 00000034 I: 0000b145 R: 1   0 00004050 M: 0 0 0000xxxx 0000857a
SIMLOG:: Cycle          93 PC: 00000034 I: 0000b145 R: 0   0 0000xxxx M: 0 0 0000xxxx 0000857a
SIMLOG:: Cycle          94 PC: 00000036 I: 0000a16c R: 0   0 0000xxxx M: 0 0 0000xxxx 0000857a
SIMLOG:: Cycle          95 PC: 00000036 I: 0000a16c R: 0   0 0000xxxx M: 0 0 00002028 0000857a
SIMLOG:: Cycle          96 PC: 00000036 I: 0000a16c R: 1   1 00002028 M: 0 0 0000xxxx 00008118
SIMLOG:: Cycle          97 PC: 00000036 I: 0000a16c R: 0   0 0000xxxx M: 0 0 0000xxxx 00008118
SIMLOG:: Cycle          98 PC: 00000038 I: 0000db2c R: 0   0 0000xxxx M: 0 0 0000xxxx 00008118
SIMLOG:: Cycle          99 PC: 0000003a I: 0000b381 R: 0   0 0000xxxx M: 0 0 00004101 00008118
SIMLOG:: Cycle         100 PC: 0000003a I: 0000b381 R: 1   2 00004101 M: 0 0 00008202 00000080
SIMLOG:: Cycle         101 PC: 0000003a I: 0000b381 R: 1   3 00008202 M: 0 0 0000xxxx 00002028
SIMLOG:: Cycle         102 PC: 0000003a I: 0000b381 R: 0   0 0000xxxx M: 0 0 0000xxxx 00002028
SIMLOG:: Cycle         103 PC: 0000003c I: 0000b3a2 R: 0   0 0000xxxx M: 0 0 0000xxxx 00002028
SIMLOG:: Cycle         104 PC: 0000003c I: 0000b3a2 R: 0   0 0000xxxx M: 0 0 0000a22a 00002028
SIMLOG:: Cycle         105 PC: 0000003c I: 0000b3a2 R: 1   3 0000a22a M: 0 0 0000xxxx 00000084
SIMLOG:: Cycle         106 PC: 0000003c I: 0000b3a2 R: 0   0 0000xxxx M: 0 0 0000xxxx 00000084
SIMLOG:: Cycle         107 PC: 0000003e I: 0000b3c4 R: 0   0 0000xxxx M: 0 0 0000xxxx 00000084
SIMLOG:: Cycle         108 PC: 00000040 I: 0000b305 R: 0   0 0000xxxx M: 0 0 00005115 00000084
SIMLOG:: Cycle         109 PC: 00000042 I: 0000b328 R: 1   4 00005115 M: 0 0 0000a88a 00000840
SIMLOG:: Cycle         110 PC: 00000044 I: 0000b34d R: 1   5 0000a88a M: 0 0 0000aa22 000008c4
SIMLOG:: Cycle         111 PC: 00000046 I: 0000da28 R: 1   6 0000aa22 M: 0 0 00005511 00004050
SIMLOG:: Cycle         112 PC: 00000048 I: 0000da08 R: 1   0 00005511 M: 0 0 00002aa2 00002028
SIMLOG:: Cycle         113 PC: 00000048 I: 0000da08 R: 1   1 00002aa2 M: 0 0 00001155 00004101
SIMLOG:: Cycle         114 PC: 00000048 I: 0000da08 R: 1   2 00001155 M: 0 0 0000xxxx 00002028
SIMLOG:: Cycle         115 PC: 00000048 I: 0000da08 R: 0   0 0000xxxx M: 0 0 0000xxxx 00002028
SIMLOG:: Cycle         116 PC: 0000004a I: 0000dac8 R: 0   0 0000xxxx M: 0 0 0000xxxx 00002aa2
SIMLOG:: Cycle         117 PC: 0000004a I: 0000dac8 R: 0   0 0000xxxx M: 0 0 00003bf7 00002aa2
SIMLOG:: Cycle         118 PC: 0000004a I: 0000dac8 R: 1   2 00003bf7 M: 0 0 0000xxxx 00005511
SIMLOG:: Cycle         119 PC: 0000004a I: 0000dac8 R: 0   0 0000xxxx M: 0 0 0000xxxx 00005511
SIMLOG:: Cycle         120 PC: 0000004c I: 0000daa8 R: 0   0 0000xxxx M: 0 0 0000xxxx 00005511
SIMLOG:: Cycle         121 PC: 0000004c I: 0000daa8 R: 0   0 0000xxxx M: 0 0 00009108 00005511
SIMLOG:: Cycle         122 PC: 0000004c I: 0000daa8 R: 1   2 00009108 M: 0 0 0000xxxx 0000aa22
SIMLOG:: Cycle         123 PC: 0000004c I: 0000daa8 R: 0   0 0000xxxx M: 0 0 0000xxxx 0000aa22
SIMLOG:: Cycle         124 PC: 0000004e I: 0000da88 R: 0   0 0000xxxx M: 0 0 0000xxxx 0000aa22
SIMLOG:: Cycle         125 PC: 0000004e I: 0000da88 R: 0   0 0000xxxx M: 0 0 00003b2a 0000aa22
SIMLOG:: Cycle         126 PC: 0000004e I: 0000da88 R: 1   2 00003b2a M: 0 0 0000xxxx 0000a88a
SIMLOG:: Cycle         127 PC: 0000004e I: 0000da88 R: 0   0 0000xxxx M: 0 0 0000xxxx 0000a88a
SIMLOG:: Cycle         128 PC: 00000050 I: 0000df5c R: 0   0 0000xxxx M: 0 0 0000xxxx 0000a88a
SIMLOG:: Cycle         129 PC: 00000050 I: 0000df5c R: 0   0 0000xxxx M: 0 0 0000e3b4 0000a88a
SIMLOG:: Cycle         130 PC: 00000050 I: 0000df5c R: 1   2 0000e3b4 M: 0 0 0000xxxx 00005115
SIMLOG:: Cycle         131 PC: 00000050 I: 0000df5c R: 0   0 0000xxxx M: 0 0 0000xxxx 00005115
SIMLOG:: Cycle         132 PC: 00000052 I: 0000c040 R: 0   0 0000xxxx M: 0 0 0000xxxx 00005115
SIMLOG:: Cycle         133 PC: 00000052 I: 0000c040 R: 0   0 0000xxxx M: 0 0 000034c9 00005115
SIMLOG:: Cycle         134 PC: 00000052 I: 0000c040 R: 1   2 000034c9 M: 0 0 0000xxxx 0000e3b4
SIMLOG:: Cycle         135 PC: 00000052 I: 0000c040 R: 0   0 0000xxxx M: 0 0 0000xxxx 0000e3b4
SIMLOG:: Cycle         136 PC: 00000054 I: 00009050 R: 0   0 0000xxxx M: 0 0 0000xxxx 0000e3b4
SIMLOG:: Cycle         137 PC: 00000056 I: 0000b821 R: 0   0 0000xxxx M: 0 0 00008243 000034c9
SIMLOG:: Cycle         138 PC: 00000056 I: 0000b821 R: 1   7 00008243 M: 0 0 00000040 000034c9
SIMLOG:: Cycle         139 PC: 00000056 I: 0000b821 R: 1   0 00000040 M: 0 0 0000xxxx 000034c9
SIMLOG:: Cycle         140 PC: 00000056 I: 0000b821 R: 0   0 0000xxxx M: 0 0 0000xxxx 000034c9
SIMLOG:: Cycle         141 PC: 00000058 I: 0000b945 R: 0   0 0000xxxx M: 0 0 0000xxxx 000034c9
SIMLOG:: Cycle         142 PC: 00000058 I: 0000b945 R: 0   0 0000xxxx M: 0 0 00004050 000034c9
SIMLOG:: Cycle         143 PC: 00000058 I: 0000b945 R: 1   0 00004050 M: 0 0 0000xxxx 00002aa2
SIMLOG:: Cycle         144 PC: 00000058 I: 0000b945 R: 0   0 0000xxxx M: 0 0 0000xxxx 00002aa2
SIMLOG:: Cycle         145 PC: 0000005a I: 0000a16c R: 0   0 0000xxxx M: 0 0 0000xxxx 00002aa2
SIMLOG:: Cycle         146 PC: 0000005a I: 0000a16c R: 0   0 0000xxxx M: 0 0 00002028 00002aa2
SIMLOG:: Cycle         147 PC: 0000005a I: 0000a16c R: 1   1 00002028 M: 0 0 0000xxxx 000034c9
SIMLOG:: Cycle         148 PC: 0000005a I: 0000a16c R: 0   0 0000xxxx M: 0 0 0000xxxx 000034c9
SIMLOG:: Cycle         149 PC: 0000005c I: 0000db2c R: 0   0 0000xxxx M: 0 0 0000xxxx 000034c9
SIMLOG:: Cycle         150 PC: 0000005e I: 0000bb81 R: 0   0 0000xxxx M: 0 0 00000101 000034c9
SIMLOG:: Cycle         151 PC: 0000005e I: 0000bb81 R: 1   2 00000101 M: 0 0 00008202 0000a22a
SIMLOG:: Cycle         152 PC: 0000005e I: 0000bb81 R: 1   3 00008202 M: 0 0 0000xxxx 00002028
SIMLOG:: Cycle         153 PC: 0000005e I: 0000bb81 R: 0   0 0000xxxx M: 0 0 0000xxxx 00002028
SIMLOG:: Cycle         154 PC: 00000060 I: 0000bba2 R: 0   0 0000xxxx M: 0 0 0000xxxx 00002028
SIMLOG:: Cycle         155 PC: 00000060 I: 0000bba2 R: 0   0 0000xxxx M: 0 0 0000a22a 00002028
SIMLOG:: Cycle         156 PC: 00000060 I: 0000bba2 R: 1   3 0000a22a M: 0 0 0000xxxx 00005115
SIMLOG:: Cycle         157 PC: 00000060 I: 0000bba2 R: 0   0 0000xxxx M: 0 0 0000xxxx 00005115
SIMLOG:: Cycle         158 PC: 00000062 I: 0000bbc3 R: 0   0 0000xxxx M: 0 0 0000xxxx 00005115
SIMLOG:: Cycle         159 PC: 00000064 I: 0000bb07 R: 0   0 0000xxxx M: 0 0 00005115 00005115
SIMLOG:: Cycle         160 PC: 00000066 I: 0000bb29 R: 1   4 00005115 M: 0 0 0000288a 0000a88a
SIMLOG:: Cycle         161 PC: 00000068 I: 0000bb4e R: 1   5 0000288a M: 0 0 00001445 0000aa22
SIMLOG:: Cycle         162 PC: 0000006a I: 0000da28 R: 1   6 00001445 M: 0 0 00000144 00004050
SIMLOG:: Cycle         163 PC: 0000006c I: 0000da08 R: 1   0 00000144 M: 0 0 00000051 00002028
SIMLOG:: Cycle         164 PC: 0000006c I: 0000da08 R: 1   1 00000051 M: 0 0 00000002 00000101
SIMLOG:: Cycle         165 PC: 0000006c I: 0000da08 R: 1   2 00000002 M: 0 0 0000xxxx 00002028
SIMLOG:: Cycle         166 PC: 0000006c I: 0000da08 R: 0   0 0000xxxx M: 0 0 0000xxxx 00002028
SIMLOG:: Cycle         167 PC: 0000006e I: 0000dac8 R: 0   0 0000xxxx M: 0 0 0000xxxx 00000051
SIMLOG:: Cycle         168 PC: 0000006e I: 0000dac8 R: 0   0 0000xxxx M: 0 0 00000053 00000051
SIMLOG:: Cycle         169 PC: 0000006e I: 0000dac8 R: 1   2 00000053 M: 0 0 0000xxxx 00000144
SIMLOG:: Cycle         170 PC: 0000006e I: 0000dac8 R: 0   0 0000xxxx M: 0 0 0000xxxx 00000144
SIMLOG:: Cycle         171 PC: 00000070 I: 0000daa8 R: 0   0 0000xxxx M: 0 0 0000xxxx 00000144
SIMLOG:: Cycle         172 PC: 00000070 I: 0000daa8 R: 0   0 0000xxxx M: 0 0 00000197 00000144
SIMLOG:: Cycle         173 PC: 00000070 I: 0000daa8 R: 1   2 00000197 M: 0 0 0000xxxx 00001445
SIMLOG:: Cycle         174 PC: 00000070 I: 0000daa8 R: 0   0 0000xxxx M: 0 0 0000xxxx 00001445
SIMLOG:: Cycle         175 PC: 00000072 I: 0000da88 R: 0   0 0000xxxx M: 0 0 0000xxxx 00001445
SIMLOG:: Cycle         176 PC: 00000072 I: 0000da88 R: 0   0 0000xxxx M: 0 0 000015dc 00001445
SIMLOG:: Cycle         177 PC: 00000072 I: 0000da88 R: 1   2 000015dc M: 0 0 0000xxxx 0000288a
SIMLOG:: Cycle         178 PC: 00000072 I: 0000da88 R: 0   0 0000xxxx M: 0 0 0000xxxx 0000288a
SIMLOG:: Cycle         179 PC: 00000074 I: 0000df5c R: 0   0 0000xxxx M: 0 0 0000xxxx 0000288a
SIMLOG:: Cycle         180 PC: 00000074 I: 0000df5c R: 0   0 0000xxxx M: 0 0 00003e66 0000288a
SIMLOG:: Cycle         181 PC: 00000074 I: 0000df5c R: 1   2 00003e66 M: 0 0 0000xxxx 00005115
SIMLOG:: Cycle         182 PC: 00000074 I: 0000df5c R: 0   0 0000xxxx M: 0 0 0000xxxx 00005115
SIMLOG:: Cycle         183 PC: 00000076 I: 0000c012 R: 0   0 0000xxxx M: 0 0 0000xxxx 00005115
SIMLOG:: Cycle         184 PC: 00000076 I: 0000c012 R: 0   0 0000xxxx M: 0 0 00008f7b 00005115
SIMLOG:: Cycle         185 PC: 00000076 I: 0000c012 R: 1   2 00008f7b M: 0 0 0000xxxx 00003e66
SIMLOG:: Cycle         186 PC: 00000076 I: 0000c012 R: 0   0 0000xxxx M: 0 0 0000xxxx 00003e66
SIMLOG:: Cycle         187 PC: 00000078 I: 0000c804 R: 0   0 0000xxxx M: 0 0 0000xxxx 00003e66
SIMLOG:: Cycle         188 PC: 0000007a I: 0000a141 R: 0   0 0000xxxx M: 0 0 000011be 00008f7b
SIMLOG:: Cycle         189 PC: 0000007a I: 0000a141 R: 1   7 000011be M: 0 0 00000012 00000144
SIMLOG:: Cycle         190 PC: 0000007a I: 0000a141 R: 1   0 00000012 M: 0 0 0000xxxx 00000144
SIMLOG:: Cycle         191 PC: 0000007a I: 0000a141 R: 0   0 0000xxxx M: 0 0 0000xxxx 00000144
SIMLOG:: Cycle         192 PC: 0000007c I: 0000c90c R: 0   0 0000xxxx M: 0 0 0000xxxx 00000144
SIMLOG:: Cycle         193 PC: 0000007c I: 0000c90c R: 0   0 0000xxxx M: 0 0 00004800 00000012
SIMLOG:: Cycle         194 PC: 0000007c I: 0000c90c R: 1   1 00004800 M: 0 0 0000xxxx 00008f7b
SIMLOG:: Cycle         195 PC: 0000007c I: 0000c90c R: 0   0 0000xxxx M: 0 0 0000xxxx 00008f7b
SIMLOG:: Cycle         196 PC: 0000007e I: 0000ca10 R: 0   0 0000xxxx M: 0 0 0000xxxx 00008f7b
SIMLOG:: Cycle         197 PC: 00000080 I: 0000c0fe R: 0   0 0000xxxx M: 0 0 00009000 00008f7b
SIMLOG:: Cycle         198 PC: 00000080 I: 0000c0fe R: 1   2 00009000 M: 0 0 00000012 00000012
SIMLOG:: Cycle         199 PC: 00000080 I: 0000c0fe R: 1   3 00000012 M: 0 0 0000xxxx 00000012
SIMLOG:: Cycle         200 PC: 00000082 I: 00009001 R: 0   0 0000xxxx M: 0 0 0000xxxx 00000012
SIMLOG:: Cycle         201 PC: 00000084 I: 0000c19a R: 0   0 0000xxxx M: 0 0 00000009 00000012
SIMLOG:: Cycle         202 PC: 00000084 I: 0000c19a R: 1   4 00000009 M: 0 0 0000fffe 000011be
SIMLOG:: Cycle         203 PC: 00000084 I: 0000c19a R: 1   0 0000fffe M: 0 0 0000xxxx 00000012
SIMLOG:: Cycle         204 PC: 00000084 I: 0000c19a R: 0   0 0000xxxx M: 0 0 0000xxxx 00000012
SIMLOG:: Cycle         205 PC: 00000086 I: 000091ff R: 0   0 0000xxxx M: 0 0 0000xxxx 00000012
SIMLOG:: Cycle         206 PC: 00000088 I: 0000c278 R: 0   0 0000xxxx M: 0 0 0000fe01 0000fffe
SIMLOG:: Cycle         207 PC: 00000088 I: 0000c278 R: 1   0 0000fe01 M: 0 0 0000ff9a 00000009
SIMLOG:: Cycle         208 PC: 00000088 I: 0000c278 R: 1   1 0000ff9a M: 0 0 0000xxxx 000011be
SIMLOG:: Cycle         209 PC: 00000088 I: 0000c278 R: 0   0 0000xxxx M: 0 0 0000xxxx 000011be
SIMLOG:: Cycle         210 PC: 0000008a I: 00009288 R: 0   0 0000xxxx M: 0 0 0000xxxx 000011be
SIMLOG:: Cycle         211 PC: 0000008c I: 0000e02c R: 0   0 0000xxxx M: 0 0 00009aff 000011be
SIMLOG:: Cycle         212 PC: 0000008c I: 0000e02c R: 1   1 00009aff M: 0 0 00000078 00000012
SIMLOG:: Cycle         213 PC: 0000008c I: 0000e02c R: 1   2 00000078 M: 0 0 0000xxxx 00000009
SIMLOG:: Cycle         214 PC: 0000008c I: 0000e02c R: 0   0 0000xxxx M: 0 0 0000xxxx 00000009
SIMLOG:: Cycle         215 PC: 0000008e I: 0000e010 R: 0   0 0000xxxx M: 0 0 0000xxxx 00000009
SIMLOG:: Cycle         216 PC: 00000090 I: 0000aca1 R: 0   0 0000xxxx M: 0 0 00007888 00000009
SIMLOG:: Cycle         217 PC: 00000092 I: 0000dbac R: 1   2 00007888 M: 0 0 00000000 00009aff
SIMLOG:: Cycle         218 PC: 00000092 I: 0000dbac R: 1   3 00000000 M: 0 0 00000001 0000fe01
SIMLOG:: Cycle         219 PC: 00000092 I: 0000dbac R: 1   4 00000001 M: 0 0 0000xxxx 0000288a
SIMLOG:: Cycle         220 PC: 00000092 I: 0000dbac R: 0   0 0000xxxx M: 0 0 0000xxxx 0000288a
SIMLOG:: Cycle         221 PC: 00000094 I: 0000ea30 R: 0   0 0000xxxx M: 0 0 0000xxxx 0000288a
SIMLOG:: Cycle         222 PC: 00000094 I: 0000ea30 R: 0   0 0000xxxx M: 0 0 00000002 0000288a
SIMLOG:: Cycle         223 PC: 00000094 I: 0000ea30 R: 1   5 00000002 M: 0 0 0000xxxx 0000288a
SIMLOG:: Cycle         224 PC: 00000094 I: 0000ea30 R: 0   0 0000xxxx M: 0 0 0000xxxx 0000288a
SIMLOG:: Cycle         225 PC: 00000096 I: 0000aca2 R: 0   0 0000xxxx M: 0 0 0000xxxx 0000288a
SIMLOG:: Cycle         226 PC: 00000098 I: 0000dbac R: 0   0 0000xxxx M: 0 0 00000002 00000002
SIMLOG:: Cycle         227 PC: 00000098 I: 0000dbac R: 1   3 00000002 M: 0 0 00000000 00009aff
SIMLOG:: Cycle         228 PC: 00000098 I: 0000dbac R: 1   4 00000000 M: 0 0 0000xxxx 00000002
SIMLOG:: Cycle         229 PC: 00000098 I: 0000dbac R: 0   0 0000xxxx M: 0 0 0000xxxx 00000002
SIMLOG:: Cycle         230 PC: 0000009a I: 0000e910 R: 0   0 0000xxxx M: 0 0 0000xxxx 00000002
SIMLOG:: Cycle         231 PC: 0000009a I: 0000e910 R: 0   0 0000xxxx M: 0 0 00000000 00000002
SIMLOG:: Cycle         232 PC: 0000009a I: 0000e910 R: 1   5 00000000 M: 0 0 0000xxxx 00000002
SIMLOG:: Cycle         233 PC: 0000009a I: 0000e910 R: 0   0 0000xxxx M: 0 0 0000xxxx 00000002
SIMLOG:: Cycle         234 PC: 0000009c I: 0000aca3 R: 0   0 0000xxxx M: 0 0 0000xxxx 00000002
SIMLOG:: Cycle         235 PC: 0000009e I: 0000dbac R: 0   0 0000xxxx M: 0 0 00000002 00000000
SIMLOG:: Cycle         236 PC: 0000009e I: 0000dbac R: 1   3 00000002 M: 0 0 00000001 0000fe01
SIMLOG:: Cycle         237 PC: 0000009e I: 0000dbac R: 1   4 00000001 M: 0 0 0000xxxx 00000000
SIMLOG:: Cycle         238 PC: 0000009e I: 0000dbac R: 0   0 0000xxxx M: 0 0 0000xxxx 00000000
SIMLOG:: Cycle         239 PC: 000000a0 I: 0000e810 R: 0   0 0000xxxx M: 0 0 0000xxxx 00000000
SIMLOG:: Cycle         240 PC: 000000a0 I: 0000e810 R: 0   0 0000xxxx M: 0 0 00000008 00000000
SIMLOG:: Cycle         241 PC: 000000a0 I: 0000e810 R: 1   5 00000008 M: 0 0 0000xxxx 00000000
SIMLOG:: Cycle         242 PC: 000000a0 I: 0000e810 R: 0   0 0000xxxx M: 0 0 0000xxxx 00000000
SIMLOG:: Cycle         243 PC: 000000a2 I: 0000aca4 R: 0   0 0000xxxx M: 0 0 0000xxxx 00000000
SIMLOG:: Cycle         244 PC: 000000a4 I: 0000dbac R: 0   0 0000xxxx M: 0 0 0000000a 00000008
SIMLOG:: Cycle         245 PC: 000000a4 I: 0000dbac R: 1   3 0000000a M: 0 0 00000000 0000fe01
SIMLOG:: Cycle         246 PC: 000000a4 I: 0000dbac R: 1   4 00000000 M: 0 0 0000xxxx 00000008
SIMLOG:: Cycle         247 PC: 000000a4 I: 0000dbac R: 0   0 0000xxxx M: 0 0 0000xxxx 00000008
SIMLOG:: Cycle         248 PC: 000000a6 I: 0000f230 R: 0   0 0000xxxx M: 0 0 0000xxxx 00000008
SIMLOG:: Cycle         249 PC: 000000a6 I: 0000f230 R: 0   0 0000xxxx M: 0 0 00000000 00000008
SIMLOG:: Cycle         250 PC: 000000a6 I: 0000f230 R: 1   5 00000000 M: 0 0 0000xxxx 00000008
SIMLOG:: Cycle         251 PC: 000000a6 I: 0000f230 R: 0   0 0000xxxx M: 0 0 0000xxxx 00000008
SIMLOG:: Cycle         252 PC: 000000a8 I: 0000aca5 R: 0   0 0000xxxx M: 0 0 0000xxxx 00000008
SIMLOG:: Cycle         253 PC: 000000aa I: 0000dbac R: 0   0 0000xxxx M: 0 0 0000000a 00000000
SIMLOG:: Cycle         254 PC: 000000aa I: 0000dbac R: 1   3 0000000a M: 0 0 00000000 00009aff
SIMLOG:: Cycle         255 PC: 000000aa I: 0000dbac R: 1   4 00000000 M: 0 0 0000xxxx 00000000
SIMLOG:: Cycle         256 PC: 000000aa I: 0000dbac R: 0   0 0000xxxx M: 0 0 0000xxxx 00000000
SIMLOG:: Cycle         257 PC: 000000ac I: 0000f010 R: 0   0 0000xxxx M: 0 0 0000xxxx 00000000
SIMLOG:: Cycle         258 PC: 000000ac I: 0000f010 R: 0   0 0000xxxx M: 0 0 00000000 00000000
SIMLOG:: Cycle         259 PC: 000000ac I: 0000f010 R: 1   5 00000000 M: 0 0 0000xxxx 00000000
SIMLOG:: Cycle         260 PC: 000000ac I: 0000f010 R: 0   0 0000xxxx M: 0 0 0000xxxx 00000000
SIMLOG:: Cycle         261 PC: 000000ae I: 0000aca6 R: 0   0 0000xxxx M: 0 0 0000xxxx 00000000
SIMLOG:: Cycle         262 PC: 000000b0 I: 0000dbac R: 0   0 0000xxxx M: 0 0 0000000a 00000000
SIMLOG:: Cycle         263 PC: 000000b0 I: 0000dbac R: 1   3 0000000a M: 0 0 00000001 0000fe01
SIMLOG:: Cycle         264 PC: 000000b0 I: 0000dbac R: 1   4 00000001 M: 0 0 0000xxxx 00000000
SIMLOG:: Cycle         265 PC: 000000b0 I: 0000dbac R: 0   0 0000xxxx M: 0 0 0000xxxx 00000000
SIMLOG:: Cycle         266 PC: 000000b2 I: 0000f830 R: 0   0 0000xxxx M: 0 0 0000xxxx 00000000
SIMLOG:: Cycle         267 PC: 000000b2 I: 0000f830 R: 0   0 0000xxxx M: 0 0 00000040 00000000
SIMLOG:: Cycle         268 PC: 000000b2 I: 0000f830 R: 1   5 00000040 M: 0 0 0000xxxx 00000000
SIMLOG:: Cycle         269 PC: 000000b2 I: 0000f830 R: 0   0 0000xxxx M: 0 0 0000xxxx 00000000
SIMLOG:: Cycle         270 PC: 000000b4 I: 0000aca7 R: 0   0 0000xxxx M: 0 0 0000xxxx 00000000
SIMLOG:: Cycle         271 PC: 000000b6 I: 0000dbac R: 0   0 0000xxxx M: 0 0 0000004a 00000040
SIMLOG:: Cycle         272 PC: 000000b6 I: 0000dbac R: 1   3 0000004a M: 0 0 00000001 00009aff
SIMLOG:: Cycle         273 PC: 000000b6 I: 0000dbac R: 1   4 00000001 M: 0 0 0000xxxx 00000040
SIMLOG:: Cycle         274 PC: 000000b6 I: 0000dbac R: 0   0 0000xxxx M: 0 0 0000xxxx 00000040
SIMLOG:: Cycle         275 PC: 000000b8 I: 0000fa50 R: 0   0 0000xxxx M: 0 0 0000xxxx 00000040
SIMLOG:: Cycle         276 PC: 000000b8 I: 0000fa50 R: 0   0 0000xxxx M: 0 0 00000080 00000040
SIMLOG:: Cycle         277 PC: 000000b8 I: 0000fa50 R: 1   5 00000080 M: 0 0 0000xxxx 00000040
SIMLOG:: Cycle         278 PC: 000000b8 I: 0000fa50 R: 0   0 0000xxxx M: 0 0 0000xxxx 00000040
SIMLOG:: Cycle         279 PC: 000000ba I: 0000aca9 R: 0   0 0000xxxx M: 0 0 0000xxxx 00000040
SIMLOG:: Cycle         280 PC: 000000bc I: 0000dbac R: 0   0 0000xxxx M: 0 0 000000ca 00000080
SIMLOG:: Cycle         281 PC: 000000bc I: 0000dbac R: 1   3 000000ca M: 0 0 00000000 00007888
SIMLOG:: Cycle         282 PC: 000000bc I: 0000dbac R: 1   4 00000000 M: 0 0 0000xxxx 00000080
SIMLOG:: Cycle         283 PC: 000000bc I: 0000dbac R: 0   0 0000xxxx M: 0 0 0000xxxx 00000080
SIMLOG:: Cycle         284 PC: 000000be I: 0000df7c R: 0   0 0000xxxx M: 0 0 0000xxxx 00000080
SIMLOG:: Cycle         285 PC: 000000be I: 0000df7c R: 0   0 0000xxxx M: 0 0 00000000 00000080
SIMLOG:: Cycle         286 PC: 000000be I: 0000df7c R: 1   5 00000000 M: 0 0 0000xxxx 00000080
SIMLOG:: Cycle         287 PC: 000000be I: 0000df7c R: 0   0 0000xxxx M: 0 0 0000xxxx 00000080
SIMLOG:: Cycle         288 PC: 000000c0 I: 000047e0 R: 0   0 0000xxxx M: 0 0 0000xxxx 00000080
SIMLOG:: Cycle         289 PC: 000000c0 I: 000047e0 R: 0   0 0000xxxx M: 0 0 000000ca 00000000
SIMLOG:: Cycle         290 PC: 000000c0 I: 000047e0 R: 1   3 000000ca M: 0 0 0000xxxx 000000ca
SIMLOG:: Cycle         291 PC: 000000c0 I: 000047e0 R: 0   0 0000xxxx M: 0 0 0000xxxx 000000ca
SIMLOG:: Cycle         292 PC: 000000c2 I: 00000000 R: 0   0 0000xxxx M: 0 0 0000xxxx 000000ca
SIMLOG:: Cycle         293 PC: 000000c2 I: 00000000 R: 0   0 0000xxxx M: 0 0 00001288 000000ca
SIMLOG:: Cycle         294 PC: 000000c2 I: 00000000 R: 1   7 00001288 M: 0 0 0000xxxx 000011be
SIMLOG:: Cycle         295 PC: 000000c2 I: 00000000 R: 0   0 0000xxxx M: 0 0 0000xxxx 000011be
SIMLOG:: Cycle         296 PC: 000000c4 I: 000085e0 R: 0   0 0000xxxx M: 0 0 0000xxxx 000011be
SIMLOG:: Cycle         297 PC: 000000c6 I: 000085e0 R: 0   0 0000xxxx M: 0 0 00001288 00001288
SIMLOG:: Cycle         298 PC: 000000c6 I: 000085e0 R: 1   7 00001288 M: 0 0 0000xxxx 0000fe01
SIMLOG:: Processor halted

SIMLOG:: sim_cycles         298

SIMLOG:: inst_count          97

SIMLOG:: dcachehit_count           0

SIMLOG:: icachehit_count           0

SIMLOG:: dcachereq_count           0

SIMLOG:: icachereq_count           0

